<?xml version="1.0" encoding="UTF-8"?>
<!-- Generated by org.testng.reporters.JUnitReportReporter -->
<testsuite hostname="LAPTOP-7KQS0ALJ" name="com.alltime.FipcartTest" tests="1" failures="0" timestamp="25 Feb 2024 14:14:41 GMT" time="4.953" errors="0">
  <testcase name="flipcart" time="4.953" classname="com.alltime.FipcartTest"/>
</testsuite> <!-- com.alltime.FipcartTest -->
