<?xml version="1.0" encoding="UTF-8"?>
<!-- Generated by org.testng.reporters.JUnitReportReporter -->
<testsuite hostname="LAPTOP-7KQS0ALJ" name="com.ng.NumbersTest" tests="1" failures="0" timestamp="24 Feb 2024 06:54:55 GMT" time="0.003" errors="0">
  <testcase name="one" time="0.003" classname="com.ng.NumbersTest"/>
</testsuite> <!-- com.ng.NumbersTest -->
