<?xml version="1.0" encoding="UTF-8"?>
<!-- Generated by org.testng.reporters.JUnitReportReporter -->
<testsuite hostname="LAPTOP-7KQS0ALJ" name="com.alltime.IHGTest" tests="1" failures="0" timestamp="25 Feb 2024 14:14:41 GMT" time="8.916" errors="0">
  <testcase name="ihg" time="8.916" classname="com.alltime.IHGTest"/>
</testsuite> <!-- com.alltime.IHGTest -->
