<?xml version="1.0" encoding="UTF-8"?>
<!-- Generated by org.testng.reporters.JUnitReportReporter -->
<testsuite hostname="LAPTOP-7KQS0ALJ" name="com.ng.USAStatesTest" tests="7" failures="0" timestamp="25 Feb 2024 13:37:46 GMT" time="0.012" errors="0">
  <testcase name="washingtondc" time="0.001" classname="com.ng.USAStatesTest"/>
  <testcase name="george" time="0.002" classname="com.ng.USAStatesTest"/>
  <testcase name="dallos" time="0.000" classname="com.ng.USAStatesTest"/>
  <testcase name="washington" time="0.002" classname="com.ng.USAStatesTest"/>
  <testcase name="newjersy" time="0.006" classname="com.ng.USAStatesTest"/>
  <testcase name="texas" time="0.000" classname="com.ng.USAStatesTest"/>
  <testcase name="chicago" time="0.001" classname="com.ng.USAStatesTest"/>
</testsuite> <!-- com.ng.USAStatesTest -->
