<?xml version="1.0" encoding="UTF-8"?>
<!-- Generated by org.testng.reporters.JUnitReportReporter -->
<testsuite hostname="LAPTOP-7KQS0ALJ" name="com.santhi.FacebookTest" tests="1" failures="0" timestamp="25 Feb 2024 13:58:13 GMT" time="2.571" errors="0">
  <testcase name="fc1" time="2.571" classname="com.santhi.FacebookTest"/>
</testsuite> <!-- com.santhi.FacebookTest -->
