<?xml version="1.0" encoding="UTF-8"?>
<!-- Generated by org.testng.reporters.JUnitReportReporter -->
<testsuite hostname="LAPTOP-7KQS0ALJ" name="com.santhi.IHGTest" tests="1" failures="0" timestamp="25 Feb 2024 13:58:13 GMT" time="6.039" errors="0">
  <testcase name="ihg" time="6.039" classname="com.santhi.IHGTest"/>
</testsuite> <!-- com.santhi.IHGTest -->
