<?xml version="1.0" encoding="UTF-8"?>
<!-- Generated by org.testng.reporters.JUnitReportReporter -->
<testsuite hostname="LAPTOP-7KQS0ALJ" name="com.ng.FruitsPriorityTest" tests="6" failures="0" timestamp="25 Feb 2024 13:17:46 GMT" time="0.013" errors="0">
  <testcase name="apple" time="0.001" classname="com.ng.FruitsPriorityTest"/>
  <testcase name="mango" time="0.000" classname="com.ng.FruitsPriorityTest"/>
  <testcase name="grapes" time="0.011" classname="com.ng.FruitsPriorityTest"/>
  <testcase name="orange" time="0.000" classname="com.ng.FruitsPriorityTest"/>
  <testcase name="jockfrout" time="0.000" classname="com.ng.FruitsPriorityTest"/>
  <testcase name="banana" time="0.001" classname="com.ng.FruitsPriorityTest"/>
</testsuite> <!-- com.ng.FruitsPriorityTest -->
