<?xml version="1.0" encoding="UTF-8"?>
<!-- Generated by org.testng.reporters.JUnitReportReporter -->
<testsuite hostname="LAPTOP-7KQS0ALJ" name="com.grp.OrangeTest" tests="1" failures="0" timestamp="25 Feb 2024 14:06:53 GMT" time="7.101" errors="0">
  <testcase name="orange" time="7.101" classname="com.grp.OrangeTest"/>
</testsuite> <!-- com.grp.OrangeTest -->
