<?xml version="1.0" encoding="UTF-8"?>
<!-- Generated by org.testng.reporters.JUnitReportReporter -->
<testsuite hostname="LAPTOP-7KQS0ALJ" name="com.all.OrangeLoginReports" tests="1" failures="0" timestamp="3 Mar 2024 06:33:43 GMT" time="16.887" errors="0">
  <testcase name="loginPageHRM" time="16.887" classname="com.all.OrangeLoginReports"/>
</testsuite> <!-- com.all.OrangeLoginReports -->
