<?xml version="1.0" encoding="UTF-8"?>
<!-- Generated by org.testng.reporters.JUnitReportReporter -->
<testsuite hostname="LAPTOP-7KQS0ALJ" name="com.grp.IHGTest" tests="1" failures="0" timestamp="25 Feb 2024 14:06:24 GMT" time="6.316" errors="0">
  <testcase name="ihg" time="6.316" classname="com.grp.IHGTest"/>
</testsuite> <!-- com.grp.IHGTest -->
