<?xml version="1.0" encoding="UTF-8"?>
<!-- Generated by org.testng.reporters.JUnitReportReporter -->
<testsuite hostname="LAPTOP-7KQS0ALJ" name="com.all.FipcartTest" tests="1" failures="0" timestamp="25 Feb 2024 14:11:20 GMT" time="4.584" errors="0">
  <testcase name="flipcart" time="4.584" classname="com.all.FipcartTest"/>
</testsuite> <!-- com.all.FipcartTest -->
