<?xml version="1.0" encoding="UTF-8"?>
<!-- Generated by org.testng.reporters.JUnitReportReporter -->
<testsuite hostname="LAPTOP-7KQS0ALJ" name="com.all.ExcelDataTest" tests="1" failures="0" timestamp="2 Mar 2024 05:10:29 GMT" time="0.443" errors="0">
  <testcase name="excel" time="0.443" classname="com.all.ExcelDataTest"/>
</testsuite> <!-- com.all.ExcelDataTest -->
