<?xml version="1.0" encoding="UTF-8"?>
<!-- Generated by org.testng.reporters.JUnitReportReporter -->
<testsuite hostname="LAPTOP-7KQS0ALJ" name="com.grp.FacebookTest" tests="1" failures="0" timestamp="25 Feb 2024 14:05:34 GMT" time="3.152" errors="0">
  <testcase name="fc1" time="3.152" classname="com.grp.FacebookTest"/>
</testsuite> <!-- com.grp.FacebookTest -->
