<?xml version="1.0" encoding="UTF-8"?>
<!-- Generated by org.testng.reporters.JUnitReportReporter -->
<testsuite hostname="LAPTOP-7KQS0ALJ" name="com.santhi.FipcartTest" tests="1" failures="0" timestamp="25 Feb 2024 13:58:13 GMT" time="4.233" errors="0">
  <testcase name="flipcart" time="4.233" classname="com.santhi.FipcartTest"/>
</testsuite> <!-- com.santhi.FipcartTest -->
