<?xml version="1.0" encoding="UTF-8"?>
<!-- Generated by org.testng.reporters.JUnitReportReporter -->
<testsuite hostname="LAPTOP-7KQS0ALJ" name="com.ng.FacebookTest" tests="3" failures="0" timestamp="25 Feb 2024 13:00:28 GMT" time="9.321" errors="0">
  <testcase name="fb" time="3.181" classname="com.ng.FacebookTest"/>
  <testcase name="fb" time="3.105" classname="com.ng.FacebookTest"/>
  <testcase name="fb" time="3.035" classname="com.ng.FacebookTest"/>
</testsuite> <!-- com.ng.FacebookTest -->
