<?xml version="1.0" encoding="UTF-8"?>
<!-- Generated by org.testng.reporters.JUnitReportReporter -->
<testsuite hostname="LAPTOP-7KQS0ALJ" name="com.grp.FipcartTest" tests="1" failures="0" timestamp="25 Feb 2024 14:06:53 GMT" time="4.842" errors="0">
  <testcase name="flipcart" time="4.842" classname="com.grp.FipcartTest"/>
</testsuite> <!-- com.grp.FipcartTest -->
