<?xml version="1.0" encoding="UTF-8"?>
<!-- Generated by org.testng.reporters.JUnitReportReporter -->
<testsuite hostname="LAPTOP-7KQS0ALJ" name="com.ng.FruitsTest" tests="6" failures="0" timestamp="25 Feb 2024 13:11:35 GMT" time="0.011" errors="0">
  <testcase name="grapes" time="0.001" classname="com.ng.FruitsTest"/>
  <testcase name="orange" time="0.001" classname="com.ng.FruitsTest"/>
  <testcase name="apple" time="0.006" classname="com.ng.FruitsTest"/>
  <testcase name="mango" time="0.001" classname="com.ng.FruitsTest"/>
  <testcase name="jockfrout" time="0.001" classname="com.ng.FruitsTest"/>
  <testcase name="banana" time="0.001" classname="com.ng.FruitsTest"/>
</testsuite> <!-- com.ng.FruitsTest -->
