<?xml version="1.0" encoding="UTF-8"?>
<!-- Generated by org.testng.reporters.JUnitReportReporter -->
<testsuite hostname="LAPTOP-7KQS0ALJ" name="com.all.FacebookLoginTest" tests="2" failures="0" timestamp="2 Mar 2024 05:31:56 GMT" time="5.258" errors="0">
  <testcase name="fb" time="2.981" classname="com.all.FacebookLoginTest"/>
  <testcase name="fb" time="2.277" classname="com.all.FacebookLoginTest"/>
</testsuite> <!-- com.all.FacebookLoginTest -->
