<?xml version="1.0" encoding="UTF-8"?>
<!-- Generated by org.testng.reporters.JUnitReportReporter -->
<testsuite hostname="LAPTOP-7KQS0ALJ" name="com.all.FacebookTest" tests="1" failures="0" timestamp="25 Feb 2024 14:11:20 GMT" time="2.889" errors="0">
  <testcase name="fc1" time="2.889" classname="com.all.FacebookTest"/>
</testsuite> <!-- com.all.FacebookTest -->
