<?xml version="1.0" encoding="UTF-8"?>
<!-- Generated by org.testng.reporters.JUnitReportReporter -->
<testsuite hostname="LAPTOP-7KQS0ALJ" name="com.alltime.FacebookTest" tests="1" failures="0" timestamp="25 Feb 2024 14:14:41 GMT" time="3.076" errors="0">
  <testcase name="fc1" time="3.076" classname="com.alltime.FacebookTest"/>
</testsuite> <!-- com.alltime.FacebookTest -->
