<?xml version="1.0" encoding="UTF-8"?>
<!-- Generated by org.testng.reporters.JUnitReportReporter -->
<testsuite skipped="0" hostname="LAPTOP-7KQS0ALJ" name="com.santhi.IHGTest" tests="1" failures="0" timestamp="03 Mar 2024 05:23:14 GMT" time="13.659" errors="0">
  <testcase name="ihg" time="13.659" classname="com.santhi.IHGTest"/>
</testsuite> <!-- com.santhi.IHGTest -->
