<?xml version="1.0" encoding="UTF-8"?>
<!-- Generated by org.testng.reporters.JUnitReportReporter -->
<testsuite skipped="0" hostname="LAPTOP-7KQS0ALJ" name="com.all.FipcartTest" tests="1" failures="0" timestamp="03 Mar 2024 05:23:14 GMT" time="7.160" errors="0">
  <testcase name="flipcart" time="7.160" classname="com.all.FipcartTest"/>
</testsuite> <!-- com.all.FipcartTest -->
