<?xml version="1.0" encoding="UTF-8"?>
<!-- Generated by org.testng.reporters.JUnitReportReporter -->
<testsuite skipped="0" hostname="LAPTOP-7KQS0ALJ" name="com.santhi.FipcartTest" tests="1" failures="0" timestamp="03 Mar 2024 05:23:14 GMT" time="7.393" errors="0">
  <testcase name="flipcart" time="7.393" classname="com.santhi.FipcartTest"/>
</testsuite> <!-- com.santhi.FipcartTest -->
